{"C:\\Users\\Mostafa\\Desktop\\axis-task\\src\\app.ts": {"path":"C:\\Users\\Mostafa\\Desktop\\axis-task\\src\\app.ts","statementMap":{"0":{"start":{"line":1,"column":0},"end":{"line":1,"column":38}},"1":{"start":{"line":2,"column":0},"end":{"line":2,"column":30}},"2":{"start":{"line":3,"column":0},"end":{"line":3,"column":24}},"3":{"start":{"line":4,"column":0},"end":{"line":4,"column":28}},"4":{"start":{"line":5,"column":0},"end":{"line":5,"column":41}},"5":{"start":{"line":6,"column":0},"end":{"line":6,"column":24}},"6":{"start":{"line":8,"column":0},"end":{"line":8,"column":57}},"7":{"start":{"line":9,"column":0},"end":{"line":9,"column":46}},"8":{"start":{"line":10,"column":0},"end":{"line":10,"column":50}},"9":{"start":{"line":11,"column":0},"end":{"line":11,"column":36}},"10":{"start":{"line":12,"column":0},"end":{"line":12,"column":52}},"11":{"start":{"line":13,"column":0},"end":{"line":13,"column":35}},"12":{"start":{"line":16,"column":12},"end":{"line":16,"column":21}},"13":{"start":{"line":17,"column":0},"end":{"line":17,"column":19}},"14":{"start":{"line":19,"column":0},"end":{"line":19,"column":20}},"15":{"start":{"line":20,"column":0},"end":{"line":20,"column":24}},"16":{"start":{"line":21,"column":0},"end":{"line":21,"column":49}},"17":{"start":{"line":22,"column":0},"end":{"line":22,"column":24}},"18":{"start":{"line":24,"column":0},"end":{"line":24,"column":21}},"19":{"start":{"line":25,"column":0},"end":{"line":25,"column":35}},"20":{"start":{"line":26,"column":0},"end":{"line":26,"column":24}},"21":{"start":{"line":29,"column":0},"end":{"line":31,"column":3}},"22":{"start":{"line":30,"column":2},"end":{"line":30,"column":25}},"23":{"start":{"line":34,"column":50},"end":{"line":36,"column":1}},"24":{"start":{"line":35,"column":2},"end":{"line":35,"column":24}},"25":{"start":{"line":37,"column":0},"end":{"line":37,"column":22}},"26":{"start":{"line":39,"column":13},"end":{"line":39,"column":39}},"27":{"start":{"line":40,"column":0},"end":{"line":40,"column":22}},"28":{"start":{"line":42,"column":15},"end":{"line":42,"column":37}},"29":{"start":{"line":45,"column":2},"end":{"line":47,"column":null}},"30":{"start":{"line":46,"column":4},"end":{"line":46,"column":16}},"31":{"start":{"line":50,"column":2},"end":{"line":59,"column":null}},"32":{"start":{"line":52,"column":6},"end":{"line":52,"column":22}},"33":{"start":{"line":53,"column":6},"end":{"line":53,"column":12}},"34":{"start":{"line":55,"column":6},"end":{"line":55,"column":22}},"35":{"start":{"line":56,"column":6},"end":{"line":56,"column":12}},"36":{"start":{"line":58,"column":6},"end":{"line":58,"column":18}},"37":{"start":{"line":63,"column":15},"end":{"line":63,"column":31}},"38":{"start":{"line":64,"column":15},"end":{"line":64,"column":79}},"39":{"start":{"line":65,"column":2},"end":{"line":65,"column":49}},"40":{"start":{"line":68,"column":0},"end":{"line":68,"column":20}},"41":{"start":{"line":69,"column":0},"end":{"line":69,"column":28}},"42":{"start":{"line":70,"column":0},"end":{"line":70,"column":36}}},"fnMap":{"0":{"name":"(anonymous_1)","decl":{"start":{"line":29,"column":8},"end":{"line":29,"column":9}},"loc":{"start":{"line":29,"column":29},"end":{"line":31,"column":1}}},"1":{"name":"(anonymous_2)","decl":{"start":{"line":34,"column":50},"end":{"line":34,"column":51}},"loc":{"start":{"line":34,"column":69},"end":{"line":36,"column":1}}},"2":{"name":"onError","decl":{"start":{"line":44,"column":9},"end":{"line":44,"column":16}},"loc":{"start":{"line":44,"column":57},"end":{"line":60,"column":1}}},"3":{"name":"onListening","decl":{"start":{"line":62,"column":9},"end":{"line":62,"column":20}},"loc":{"start":{"line":62,"column":20},"end":{"line":66,"column":1}}}},"branchMap":{"0":{"loc":{"start":{"line":39,"column":13},"end":{"line":39,"column":39}},"type":"binary-expr","locations":[{"start":{"line":39,"column":13},"end":{"line":39,"column":29}},{"start":{"line":39,"column":33},"end":{"line":39,"column":39}}]},"1":{"loc":{"start":{"line":45,"column":2},"end":{"line":47,"column":null}},"type":"if","locations":[{"start":{"line":45,"column":2},"end":{"line":47,"column":null}}]},"2":{"loc":{"start":{"line":50,"column":2},"end":{"line":59,"column":null}},"type":"switch","locations":[{"start":{"line":51,"column":4},"end":{"line":53,"column":12}},{"start":{"line":54,"column":4},"end":{"line":56,"column":12}},{"start":{"line":57,"column":4},"end":{"line":58,"column":18}}]},"3":{"loc":{"start":{"line":64,"column":15},"end":{"line":64,"column":79}},"type":"cond-expr","locations":[{"start":{"line":64,"column":42},"end":{"line":64,"column":56}},{"start":{"line":64,"column":59},"end":{"line":64,"column":79}}]},"4":{"loc":{"start":{"line":64,"column":67},"end":{"line":64,"column":77}},"type":"cond-expr","locations":[{"start":{"line":64,"column":71},"end":{"line":64,"column":73}},{"start":{"line":64,"column":67},"end":{"line":64,"column":77}}]},"5":{"loc":{"start":{"line":64,"column":67},"end":{"line":64,"column":73}},"type":"binary-expr","locations":[{"start":{"line":64,"column":67},"end":{"line":64,"column":73}},{"start":{"line":64,"column":67},"end":{"line":64,"column":73}}]}},"s":{"0":1,"1":1,"2":1,"3":1,"4":1,"5":1,"6":1,"7":1,"8":1,"9":1,"10":1,"11":1,"12":1,"13":1,"14":1,"15":1,"16":1,"17":1,"18":1,"19":1,"20":1,"21":1,"22":0,"23":1,"24":0,"25":1,"26":1,"27":1,"28":1,"29":0,"30":0,"31":0,"32":0,"33":0,"34":0,"35":0,"36":0,"37":1,"38":1,"39":1,"40":1,"41":1,"42":1},"f":{"0":0,"1":0,"2":0,"3":1},"b":{"0":[1,0],"1":[0],"2":[0,0,0],"3":[0,1],"4":[0,1],"5":[1,1]}}
,"C:\\Users\\Mostafa\\Desktop\\axis-task\\src\\swagger.ts": {"path":"C:\\Users\\Mostafa\\Desktop\\axis-task\\src\\swagger.ts","statementMap":{"0":{"start":{"line":1,"column":0},"end":{"line":1,"column":41}},"1":{"start":{"line":2,"column":0},"end":{"line":2,"column":43}},"2":{"start":{"line":3,"column":0},"end":{"line":3,"column":42}},"3":{"start":{"line":6,"column":38},"end":{"line":30,"column":2}},"4":{"start":{"line":32,"column":20},"end":{"line":32,"column":41}},"5":{"start":{"line":35,"column":2},"end":{"line":35,"column":74}},"6":{"start":{"line":36,"column":2},"end":{"line":36,"column":66}},"7":{"start":{"line":38,"column":2},"end":{"line":41,"column":5}},"8":{"start":{"line":39,"column":4},"end":{"line":39,"column":54}},"9":{"start":{"line":40,"column":4},"end":{"line":40,"column":26}},"10":{"start":{"line":43,"column":0},"end":{"line":43,"column":26}}},"fnMap":{"0":{"name":"swaggerDoc","decl":{"start":{"line":34,"column":9},"end":{"line":34,"column":19}},"loc":{"start":{"line":34,"column":46},"end":{"line":42,"column":1}}},"1":{"name":"(anonymous_2)","decl":{"start":{"line":38,"column":23},"end":{"line":38,"column":24}},"loc":{"start":{"line":38,"column":55},"end":{"line":41,"column":3}}}},"branchMap":{},"s":{"0":1,"1":1,"2":1,"3":1,"4":1,"5":1,"6":1,"7":1,"8":0,"9":0,"10":1},"f":{"0":1,"1":0},"b":{}}
,"C:\\Users\\Mostafa\\Desktop\\axis-task\\src\\controllers\\account.controller.ts": {"path":"C:\\Users\\Mostafa\\Desktop\\axis-task\\src\\controllers\\account.controller.ts","statementMap":{"0":{"start":{"line":2,"column":0},"end":{"line":2,"column":94}},"1":{"start":{"line":5,"column":37},"end":{"line":15,"column":1}},"2":{"start":{"line":7,"column":2},"end":{"line":14,"column":null}},"3":{"start":{"line":8,"column":27},"end":{"line":8,"column":35}},"4":{"start":{"line":9,"column":20},"end":{"line":9,"column":49}},"5":{"start":{"line":10,"column":4},"end":{"line":10,"column":38}},"6":{"start":{"line":11,"column":4},"end":{"line":11,"column":34}},"7":{"start":{"line":13,"column":4},"end":{"line":13,"column":63}},"8":{"start":{"line":5,"column":13},"end":{"line":5,"column":37}},"9":{"start":{"line":17,"column":33},"end":{"line":37,"column":1}},"10":{"start":{"line":18,"column":32},"end":{"line":18,"column":40}},"11":{"start":{"line":20,"column":2},"end":{"line":36,"column":null}},"12":{"start":{"line":21,"column":20},"end":{"line":21,"column":45}},"13":{"start":{"line":22,"column":4},"end":{"line":24,"column":null}},"14":{"start":{"line":23,"column":6},"end":{"line":23,"column":67}},"15":{"start":{"line":26,"column":4},"end":{"line":28,"column":null}},"16":{"start":{"line":27,"column":6},"end":{"line":27,"column":63}},"17":{"start":{"line":29,"column":24},"end":{"line":29,"column":60}},"18":{"start":{"line":30,"column":4},"end":{"line":32,"column":null}},"19":{"start":{"line":31,"column":6},"end":{"line":31,"column":63}},"20":{"start":{"line":33,"column":4},"end":{"line":33,"column":67}},"21":{"start":{"line":35,"column":4},"end":{"line":35,"column":61}},"22":{"start":{"line":17,"column":13},"end":{"line":17,"column":33}},"23":{"start":{"line":39,"column":35},"end":{"line":63,"column":1}},"24":{"start":{"line":40,"column":32},"end":{"line":40,"column":40}},"25":{"start":{"line":42,"column":2},"end":{"line":62,"column":null}},"26":{"start":{"line":43,"column":20},"end":{"line":43,"column":51}},"27":{"start":{"line":44,"column":4},"end":{"line":46,"column":null}},"28":{"start":{"line":45,"column":6},"end":{"line":45,"column":67}},"29":{"start":{"line":49,"column":4},"end":{"line":51,"column":null}},"30":{"start":{"line":50,"column":6},"end":{"line":50,"column":105}},"31":{"start":{"line":52,"column":4},"end":{"line":54,"column":null}},"32":{"start":{"line":53,"column":6},"end":{"line":53,"column":114}},"33":{"start":{"line":55,"column":24},"end":{"line":55,"column":61}},"34":{"start":{"line":56,"column":4},"end":{"line":58,"column":null}},"35":{"start":{"line":57,"column":6},"end":{"line":57,"column":64}},"36":{"start":{"line":59,"column":4},"end":{"line":59,"column":68}},"37":{"start":{"line":61,"column":4},"end":{"line":61,"column":62}},"38":{"start":{"line":39,"column":13},"end":{"line":39,"column":35}}},"fnMap":{"0":{"name":"(anonymous_0)","decl":{"start":{"line":5,"column":37},"end":{"line":5,"column":42}},"loc":{"start":{"line":5,"column":92},"end":{"line":15,"column":1}}},"1":{"name":"(anonymous_1)","decl":{"start":{"line":17,"column":33},"end":{"line":17,"column":38}},"loc":{"start":{"line":17,"column":88},"end":{"line":37,"column":1}}},"2":{"name":"(anonymous_2)","decl":{"start":{"line":39,"column":35},"end":{"line":39,"column":40}},"loc":{"start":{"line":39,"column":90},"end":{"line":63,"column":1}}}},"branchMap":{"0":{"loc":{"start":{"line":22,"column":4},"end":{"line":24,"column":null}},"type":"if","locations":[{"start":{"line":22,"column":4},"end":{"line":24,"column":null}}]},"1":{"loc":{"start":{"line":26,"column":4},"end":{"line":28,"column":null}},"type":"if","locations":[{"start":{"line":26,"column":4},"end":{"line":28,"column":null}}]},"2":{"loc":{"start":{"line":30,"column":4},"end":{"line":32,"column":null}},"type":"if","locations":[{"start":{"line":30,"column":4},"end":{"line":32,"column":null}}]},"3":{"loc":{"start":{"line":44,"column":4},"end":{"line":46,"column":null}},"type":"if","locations":[{"start":{"line":44,"column":4},"end":{"line":46,"column":null}}]},"4":{"loc":{"start":{"line":49,"column":4},"end":{"line":51,"column":null}},"type":"if","locations":[{"start":{"line":49,"column":4},"end":{"line":51,"column":null}}]},"5":{"loc":{"start":{"line":52,"column":4},"end":{"line":54,"column":null}},"type":"if","locations":[{"start":{"line":52,"column":4},"end":{"line":54,"column":null}}]},"6":{"loc":{"start":{"line":56,"column":4},"end":{"line":58,"column":null}},"type":"if","locations":[{"start":{"line":56,"column":4},"end":{"line":58,"column":null}}]}},"s":{"0":1,"1":1,"2":0,"3":0,"4":0,"5":0,"6":0,"7":0,"8":1,"9":1,"10":0,"11":0,"12":0,"13":0,"14":0,"15":0,"16":0,"17":0,"18":0,"19":0,"20":0,"21":0,"22":1,"23":1,"24":0,"25":0,"26":0,"27":0,"28":0,"29":0,"30":0,"31":0,"32":0,"33":0,"34":0,"35":0,"36":0,"37":0,"38":1},"f":{"0":0,"1":0,"2":0},"b":{"0":[0],"1":[0],"2":[0],"3":[0],"4":[0],"5":[0],"6":[0]}}
,"C:\\Users\\Mostafa\\Desktop\\axis-task\\src\\controllers\\user.controller.ts": {"path":"C:\\Users\\Mostafa\\Desktop\\axis-task\\src\\controllers\\user.controller.ts","statementMap":{"0":{"start":{"line":2,"column":0},"end":{"line":2,"column":72}},"1":{"start":{"line":3,"column":0},"end":{"line":3,"column":48}},"2":{"start":{"line":4,"column":0},"end":{"line":4,"column":31}},"3":{"start":{"line":5,"column":0},"end":{"line":5,"column":28}},"4":{"start":{"line":6,"column":36},"end":{"line":15,"column":1}},"5":{"start":{"line":7,"column":2},"end":{"line":14,"column":null}},"6":{"start":{"line":8,"column":45},"end":{"line":8,"column":53}},"7":{"start":{"line":9,"column":27},"end":{"line":9,"column":55}},"8":{"start":{"line":10,"column":17},"end":{"line":10,"column":83}},"9":{"start":{"line":11,"column":4},"end":{"line":11,"column":84}},"10":{"start":{"line":13,"column":4},"end":{"line":13,"column":77}},"11":{"start":{"line":6,"column":13},"end":{"line":6,"column":36}},"12":{"start":{"line":17,"column":31},"end":{"line":35,"column":1}},"13":{"start":{"line":18,"column":2},"end":{"line":34,"column":null}},"14":{"start":{"line":19,"column":32},"end":{"line":19,"column":40}},"15":{"start":{"line":20,"column":17},"end":{"line":20,"column":45}},"16":{"start":{"line":21,"column":4},"end":{"line":23,"column":null}},"17":{"start":{"line":22,"column":6},"end":{"line":22,"column":63}},"18":{"start":{"line":24,"column":27},"end":{"line":24,"column":55}},"19":{"start":{"line":25,"column":28},"end":{"line":25,"column":79}},"20":{"start":{"line":26,"column":4},"end":{"line":28,"column":null}},"21":{"start":{"line":27,"column":6},"end":{"line":27,"column":65}},"22":{"start":{"line":29,"column":18},"end":{"line":29,"column":107}},"23":{"start":{"line":31,"column":4},"end":{"line":31,"column":89}},"24":{"start":{"line":33,"column":4},"end":{"line":33,"column":74}},"25":{"start":{"line":17,"column":13},"end":{"line":17,"column":31}}},"fnMap":{"0":{"name":"(anonymous_1)","decl":{"start":{"line":6,"column":36},"end":{"line":6,"column":41}},"loc":{"start":{"line":6,"column":74},"end":{"line":15,"column":1}}},"1":{"name":"(anonymous_2)","decl":{"start":{"line":17,"column":31},"end":{"line":17,"column":36}},"loc":{"start":{"line":17,"column":69},"end":{"line":35,"column":1}}}},"branchMap":{"0":{"loc":{"start":{"line":21,"column":4},"end":{"line":23,"column":null}},"type":"if","locations":[{"start":{"line":21,"column":4},"end":{"line":23,"column":null}}]},"1":{"loc":{"start":{"line":26,"column":4},"end":{"line":28,"column":null}},"type":"if","locations":[{"start":{"line":26,"column":4},"end":{"line":28,"column":null}}]}},"s":{"0":1,"1":1,"2":1,"3":1,"4":1,"5":0,"6":0,"7":0,"8":0,"9":0,"10":0,"11":1,"12":1,"13":2,"14":2,"15":2,"16":2,"17":2,"18":0,"19":0,"20":0,"21":0,"22":0,"23":0,"24":0,"25":1},"f":{"0":0,"1":2},"b":{"0":[2],"1":[0]}}
,"C:\\Users\\Mostafa\\Desktop\\axis-task\\src\\handlers\\healthcheck.ts": {"path":"C:\\Users\\Mostafa\\Desktop\\axis-task\\src\\handlers\\healthcheck.ts","statementMap":{"0":{"start":{"line":1,"column":0},"end":{"line":1,"column":37}},"1":{"start":{"line":4,"column":27},"end":{"line":7,"column":1}},"2":{"start":{"line":5,"column":2},"end":{"line":5,"column":36}},"3":{"start":{"line":6,"column":2},"end":{"line":6,"column":32}},"4":{"start":{"line":4,"column":13},"end":{"line":4,"column":27}}},"fnMap":{"0":{"name":"(anonymous_1)","decl":{"start":{"line":4,"column":27},"end":{"line":4,"column":32}},"loc":{"start":{"line":4,"column":66},"end":{"line":7,"column":1}}}},"branchMap":{},"s":{"0":1,"1":1,"2":0,"3":0,"4":1},"f":{"0":0},"b":{}}
,"C:\\Users\\Mostafa\\Desktop\\axis-task\\src\\helpers\\error.ts": {"path":"C:\\Users\\Mostafa\\Desktop\\axis-task\\src\\helpers\\error.ts","statementMap":{"0":{"start":{"line":7,"column":4},"end":{"line":7,"column":12}},"1":{"start":{"line":8,"column":4},"end":{"line":8,"column":33}},"2":{"start":{"line":9,"column":4},"end":{"line":9,"column":27}},"3":{"start":{"line":3,"column":0},"end":{"line":3,"column":13}},"4":{"start":{"line":13,"column":27},"end":{"line":20,"column":1}},"5":{"start":{"line":14,"column":34},"end":{"line":14,"column":37}},"6":{"start":{"line":15,"column":2},"end":{"line":19,"column":5}},"7":{"start":{"line":13,"column":13},"end":{"line":13,"column":27}}},"fnMap":{"0":{"name":"(anonymous_0)","decl":{"start":{"line":6,"column":2},"end":{"line":6,"column":14}},"loc":{"start":{"line":6,"column":49},"end":{"line":10,"column":3}}},"1":{"name":"(anonymous_1)","decl":{"start":{"line":13,"column":27},"end":{"line":13,"column":28}},"loc":{"start":{"line":13,"column":78},"end":{"line":20,"column":1}}}},"branchMap":{},"s":{"0":0,"1":0,"2":0,"3":1,"4":1,"5":0,"6":0,"7":1},"f":{"0":0,"1":0},"b":{}}
,"C:\\Users\\Mostafa\\Desktop\\axis-task\\src\\helpers\\utils.ts": {"path":"C:\\Users\\Mostafa\\Desktop\\axis-task\\src\\helpers\\utils.ts","statementMap":{"0":{"start":{"line":1,"column":0},"end":{"line":1,"column":28}},"1":{"start":{"line":3,"column":28},"end":{"line":6,"column":1}},"2":{"start":{"line":4,"column":15},"end":{"line":4,"column":39}},"3":{"start":{"line":5,"column":2},"end":{"line":5,"column":43}},"4":{"start":{"line":3,"column":13},"end":{"line":3,"column":28}}},"fnMap":{"0":{"name":"(anonymous_1)","decl":{"start":{"line":3,"column":28},"end":{"line":3,"column":33}},"loc":{"start":{"line":3,"column":55},"end":{"line":6,"column":1}}}},"branchMap":{},"s":{"0":1,"1":1,"2":0,"3":0,"4":1},"f":{"0":0},"b":{}}
,"C:\\Users\\Mostafa\\Desktop\\axis-task\\src\\middlewares\\auth.middleware.ts": {"path":"C:\\Users\\Mostafa\\Desktop\\axis-task\\src\\middlewares\\auth.middleware.ts","statementMap":{"0":{"start":{"line":4,"column":12},"end":{"line":4,"column":35}},"1":{"start":{"line":7,"column":21},"end":{"line":7,"column":49}},"2":{"start":{"line":8,"column":16},"end":{"line":8,"column":54}},"3":{"start":{"line":10,"column":2},"end":{"line":10,"column":48}},"4":{"start":{"line":10,"column":21},"end":{"line":10,"column":48}},"5":{"start":{"line":11,"column":2},"end":{"line":11,"column":25}},"6":{"start":{"line":12,"column":2},"end":{"line":17,"column":5}},"7":{"start":{"line":13,"column":4},"end":{"line":13,"column":21}},"8":{"start":{"line":14,"column":4},"end":{"line":14,"column":40}},"9":{"start":{"line":14,"column":13},"end":{"line":14,"column":40}},"10":{"start":{"line":15,"column":4},"end":{"line":15,"column":20}},"11":{"start":{"line":16,"column":4},"end":{"line":16,"column":11}},"12":{"start":{"line":19,"column":0},"end":{"line":19,"column":33}}},"fnMap":{"0":{"name":"authenticateToken","decl":{"start":{"line":6,"column":9},"end":{"line":6,"column":26}},"loc":{"start":{"line":6,"column":91},"end":{"line":18,"column":1}}},"1":{"name":"(anonymous_1)","decl":{"start":{"line":12,"column":56},"end":{"line":12,"column":57}},"loc":{"start":{"line":12,"column":80},"end":{"line":17,"column":3}}}},"branchMap":{"0":{"loc":{"start":{"line":8,"column":16},"end":{"line":8,"column":54}},"type":"binary-expr","locations":[{"start":{"line":8,"column":16},"end":{"line":8,"column":26}},{"start":{"line":8,"column":30},"end":{"line":8,"column":54}}]},"1":{"loc":{"start":{"line":10,"column":2},"end":{"line":10,"column":48}},"type":"if","locations":[{"start":{"line":10,"column":2},"end":{"line":10,"column":48}}]},"2":{"loc":{"start":{"line":14,"column":4},"end":{"line":14,"column":40}},"type":"if","locations":[{"start":{"line":14,"column":4},"end":{"line":14,"column":40}}]}},"s":{"0":1,"1":0,"2":0,"3":0,"4":0,"5":0,"6":0,"7":0,"8":0,"9":0,"10":0,"11":0,"12":1},"f":{"0":0,"1":0},"b":{"0":[0,0],"1":[0],"2":[0]}}
,"C:\\Users\\Mostafa\\Desktop\\axis-task\\src\\middlewares\\httpLogger.ts": {"path":"C:\\Users\\Mostafa\\Desktop\\axis-task\\src\\middlewares\\httpLogger.ts","statementMap":{"0":{"start":{"line":1,"column":0},"end":{"line":1,"column":47}},"1":{"start":{"line":2,"column":0},"end":{"line":2,"column":37}},"2":{"start":{"line":4,"column":30},"end":{"line":6,"column":2}},"3":{"start":{"line":5,"column":22},"end":{"line":5,"column":42}},"4":{"start":{"line":9,"column":25},"end":{"line":9,"column":63}},"5":{"start":{"line":11,"column":0},"end":{"line":11,"column":32}}},"fnMap":{"0":{"name":"(anonymous_1)","decl":{"start":{"line":5,"column":9},"end":{"line":5,"column":10}},"loc":{"start":{"line":5,"column":22},"end":{"line":5,"column":42}}}},"branchMap":{},"s":{"0":1,"1":1,"2":1,"3":2,"4":1,"5":1},"f":{"0":2},"b":{}}
,"C:\\Users\\Mostafa\\Desktop\\axis-task\\src\\middlewares\\validationRequestSchema.middleware.ts": {"path":"C:\\Users\\Mostafa\\Desktop\\axis-task\\src\\middlewares\\validationRequestSchema.middleware.ts","statementMap":{"0":{"start":{"line":2,"column":0},"end":{"line":2,"column":53}},"1":{"start":{"line":4,"column":30},"end":{"line":11,"column":1}},"2":{"start":{"line":5,"column":17},"end":{"line":5,"column":38}},"3":{"start":{"line":6,"column":2},"end":{"line":6,"column":45}},"4":{"start":{"line":7,"column":2},"end":{"line":9,"column":null}},"5":{"start":{"line":8,"column":4},"end":{"line":8,"column":60}},"6":{"start":{"line":10,"column":2},"end":{"line":10,"column":9}},"7":{"start":{"line":13,"column":0},"end":{"line":13,"column":37}}},"fnMap":{"0":{"name":"(anonymous_0)","decl":{"start":{"line":4,"column":30},"end":{"line":4,"column":31}},"loc":{"start":{"line":4,"column":82},"end":{"line":11,"column":1}}}},"branchMap":{"0":{"loc":{"start":{"line":7,"column":2},"end":{"line":9,"column":null}},"type":"if","locations":[{"start":{"line":7,"column":2},"end":{"line":9,"column":null}}]}},"s":{"0":1,"1":1,"2":2,"3":2,"4":2,"5":0,"6":2,"7":1},"f":{"0":2},"b":{"0":[0]}}
,"C:\\Users\\Mostafa\\Desktop\\axis-task\\src\\repositories\\Account.repo.ts": {"path":"C:\\Users\\Mostafa\\Desktop\\axis-task\\src\\repositories\\Account.repo.ts","statementMap":{"0":{"start":{"line":1,"column":0},"end":{"line":1,"column":68}},"1":{"start":{"line":3,"column":15},"end":{"line":3,"column":33}},"2":{"start":{"line":7,"column":27},"end":{"line":15,"column":1}},"3":{"start":{"line":8,"column":18},"end":{"line":13,"column":4}},"4":{"start":{"line":14,"column":2},"end":{"line":14,"column":17}},"5":{"start":{"line":7,"column":13},"end":{"line":7,"column":27}},"6":{"start":{"line":18,"column":24},"end":{"line":43,"column":1}},"7":{"start":{"line":19,"column":22},"end":{"line":41,"column":4}},"8":{"start":{"line":20,"column":20},"end":{"line":27,"column":6}},"9":{"start":{"line":29,"column":4},"end":{"line":31,"column":null}},"10":{"start":{"line":30,"column":6},"end":{"line":30,"column":64}},"11":{"start":{"line":33,"column":27},"end":{"line":39,"column":6}},"12":{"start":{"line":40,"column":4},"end":{"line":40,"column":26}},"13":{"start":{"line":42,"column":2},"end":{"line":42,"column":24}},"14":{"start":{"line":18,"column":13},"end":{"line":18,"column":24}},"15":{"start":{"line":45,"column":23},"end":{"line":66,"column":1}},"16":{"start":{"line":46,"column":22},"end":{"line":64,"column":4}},"17":{"start":{"line":47,"column":20},"end":{"line":54,"column":6}},"18":{"start":{"line":56,"column":27},"end":{"line":62,"column":6}},"19":{"start":{"line":63,"column":4},"end":{"line":63,"column":26}},"20":{"start":{"line":65,"column":2},"end":{"line":65,"column":24}},"21":{"start":{"line":45,"column":13},"end":{"line":45,"column":23}},"22":{"start":{"line":68,"column":30},"end":{"line":71,"column":1}},"23":{"start":{"line":69,"column":18},"end":{"line":69,"column":67}},"24":{"start":{"line":70,"column":2},"end":{"line":70,"column":17}},"25":{"start":{"line":68,"column":13},"end":{"line":68,"column":30}}},"fnMap":{"0":{"name":"(anonymous_0)","decl":{"start":{"line":7,"column":27},"end":{"line":7,"column":32}},"loc":{"start":{"line":7,"column":73},"end":{"line":15,"column":1}}},"1":{"name":"(anonymous_1)","decl":{"start":{"line":18,"column":24},"end":{"line":18,"column":29}},"loc":{"start":{"line":18,"column":95},"end":{"line":43,"column":1}}},"2":{"name":"(anonymous_2)","decl":{"start":{"line":19,"column":48},"end":{"line":19,"column":53}},"loc":{"start":{"line":19,"column":61},"end":{"line":41,"column":3}}},"3":{"name":"(anonymous_3)","decl":{"start":{"line":45,"column":23},"end":{"line":45,"column":28}},"loc":{"start":{"line":45,"column":94},"end":{"line":66,"column":1}}},"4":{"name":"(anonymous_4)","decl":{"start":{"line":46,"column":48},"end":{"line":46,"column":53}},"loc":{"start":{"line":46,"column":61},"end":{"line":64,"column":3}}},"5":{"name":"(anonymous_5)","decl":{"start":{"line":68,"column":30},"end":{"line":68,"column":35}},"loc":{"start":{"line":68,"column":51},"end":{"line":71,"column":1}}}},"branchMap":{"0":{"loc":{"start":{"line":29,"column":4},"end":{"line":31,"column":null}},"type":"if","locations":[{"start":{"line":29,"column":4},"end":{"line":31,"column":null}}]}},"s":{"0":1,"1":1,"2":1,"3":0,"4":0,"5":1,"6":1,"7":0,"8":0,"9":0,"10":0,"11":0,"12":0,"13":0,"14":1,"15":1,"16":0,"17":0,"18":0,"19":0,"20":0,"21":1,"22":1,"23":0,"24":0,"25":1},"f":{"0":0,"1":0,"2":0,"3":0,"4":0,"5":0},"b":{"0":[0]}}
,"C:\\Users\\Mostafa\\Desktop\\axis-task\\src\\repositories\\User.repo.ts": {"path":"C:\\Users\\Mostafa\\Desktop\\axis-task\\src\\repositories\\User.repo.ts","statementMap":{"0":{"start":{"line":1,"column":0},"end":{"line":1,"column":52}},"1":{"start":{"line":3,"column":15},"end":{"line":3,"column":33}},"2":{"start":{"line":6,"column":31},"end":{"line":12,"column":1}},"3":{"start":{"line":7,"column":4},"end":{"line":11,"column":7}},"4":{"start":{"line":6,"column":13},"end":{"line":6,"column":31}},"5":{"start":{"line":14,"column":26},"end":{"line":23,"column":1}},"6":{"start":{"line":15,"column":4},"end":{"line":22,"column":7}},"7":{"start":{"line":14,"column":13},"end":{"line":14,"column":26}}},"fnMap":{"0":{"name":"(anonymous_0)","decl":{"start":{"line":6,"column":31},"end":{"line":6,"column":36}},"loc":{"start":{"line":6,"column":55},"end":{"line":12,"column":1}}},"1":{"name":"(anonymous_1)","decl":{"start":{"line":14,"column":26},"end":{"line":14,"column":31}},"loc":{"start":{"line":14,"column":87},"end":{"line":23,"column":1}}}},"branchMap":{},"s":{"0":1,"1":1,"2":1,"3":2,"4":1,"5":1,"6":0,"7":1},"f":{"0":2,"1":0},"b":{}}
,"C:\\Users\\Mostafa\\Desktop\\axis-task\\src\\routes\\account.router.ts": {"path":"C:\\Users\\Mostafa\\Desktop\\axis-task\\src\\routes\\account.router.ts","statementMap":{"0":{"start":{"line":1,"column":0},"end":{"line":1,"column":30}},"1":{"start":{"line":2,"column":0},"end":{"line":2,"column":60}},"2":{"start":{"line":3,"column":0},"end":{"line":3,"column":114}},"3":{"start":{"line":4,"column":0},"end":{"line":4,"column":96}},"4":{"start":{"line":5,"column":0},"end":{"line":5,"column":86}},"5":{"start":{"line":7,"column":15},"end":{"line":7,"column":31}},"6":{"start":{"line":25,"column":0},"end":{"line":25,"column":60}},"7":{"start":{"line":52,"column":0},"end":{"line":52,"column":102}},"8":{"start":{"line":78,"column":0},"end":{"line":78,"column":105}},"9":{"start":{"line":80,"column":0},"end":{"line":80,"column":22}}},"fnMap":{},"branchMap":{},"s":{"0":1,"1":1,"2":1,"3":1,"4":1,"5":1,"6":1,"7":1,"8":1,"9":1},"f":{},"b":{}}
,"C:\\Users\\Mostafa\\Desktop\\axis-task\\src\\routes\\index.ts": {"path":"C:\\Users\\Mostafa\\Desktop\\axis-task\\src\\routes\\index.ts","statementMap":{"0":{"start":{"line":1,"column":0},"end":{"line":1,"column":30}},"1":{"start":{"line":2,"column":0},"end":{"line":2,"column":54}},"2":{"start":{"line":3,"column":0},"end":{"line":3,"column":87}},"3":{"start":{"line":4,"column":0},"end":{"line":4,"column":84}},"4":{"start":{"line":5,"column":0},"end":{"line":5,"column":86}},"5":{"start":{"line":6,"column":12},"end":{"line":6,"column":21}},"6":{"start":{"line":7,"column":15},"end":{"line":7,"column":31}},"7":{"start":{"line":8,"column":0},"end":{"line":8,"column":24}},"8":{"start":{"line":10,"column":0},"end":{"line":10,"column":29}},"9":{"start":{"line":42,"column":0},"end":{"line":42,"column":86}},"10":{"start":{"line":73,"column":0},"end":{"line":73,"column":75}},"11":{"start":{"line":75,"column":0},"end":{"line":75,"column":22}}},"fnMap":{},"branchMap":{},"s":{"0":1,"1":1,"2":1,"3":1,"4":1,"5":1,"6":1,"7":1,"8":1,"9":1,"10":1,"11":1},"f":{},"b":{}}
,"C:\\Users\\Mostafa\\Desktop\\axis-task\\src\\utils\\logger.ts": {"path":"C:\\Users\\Mostafa\\Desktop\\axis-task\\src\\utils\\logger.ts","statementMap":{"0":{"start":{"line":1,"column":0},"end":{"line":1,"column":30}},"1":{"start":{"line":3,"column":15},"end":{"line":9,"column":2}},"2":{"start":{"line":11,"column":15},"end":{"line":17,"column":2}},"3":{"start":{"line":19,"column":0},"end":{"line":19,"column":26}},"4":{"start":{"line":20,"column":15},"end":{"line":23,"column":null}},"5":{"start":{"line":23,"column":34},"end":{"line":23,"column":84}},"6":{"start":{"line":26,"column":19},"end":{"line":26,"column":53}},"7":{"start":{"line":27,"column":15},"end":{"line":31,"column":2}},"8":{"start":{"line":33,"column":0},"end":{"line":33,"column":22}}},"fnMap":{"0":{"name":"(anonymous_1)","decl":{"start":{"line":23,"column":24},"end":{"line":23,"column":25}},"loc":{"start":{"line":23,"column":34},"end":{"line":23,"column":84}}}},"branchMap":{},"s":{"0":1,"1":1,"2":1,"3":1,"4":1,"5":2,"6":1,"7":1,"8":1},"f":{"0":2},"b":{}}
,"C:\\Users\\Mostafa\\Desktop\\axis-task\\src\\validationSchemas\\accountValidation.ts": {"path":"C:\\Users\\Mostafa\\Desktop\\axis-task\\src\\validationSchemas\\accountValidation.ts","statementMap":{"0":{"start":{"line":1,"column":0},"end":{"line":1,"column":41}},"1":{"start":{"line":3,"column":13},"end":{"line":3,"column":102}},"2":{"start":{"line":6,"column":13},"end":{"line":6,"column":102}}},"fnMap":{},"branchMap":{},"s":{"0":1,"1":1,"2":1},"f":{},"b":{}}
,"C:\\Users\\Mostafa\\Desktop\\axis-task\\src\\validationSchemas\\userValidation.ts": {"path":"C:\\Users\\Mostafa\\Desktop\\axis-task\\src\\validationSchemas\\userValidation.ts","statementMap":{"0":{"start":{"line":1,"column":0},"end":{"line":1,"column":41}},"1":{"start":{"line":3,"column":13},"end":{"line":3,"column":92}},"2":{"start":{"line":4,"column":13},"end":{"line":9,"column":2}}},"fnMap":{},"branchMap":{},"s":{"0":1,"1":1,"2":1},"f":{},"b":{}}
}
