TN:
SF:src\app.ts
FN:29,(anonymous_1)
FN:34,(anonymous_2)
FN:44,onError
FN:62,onListening
FNF:4
FNH:1
FNDA:0,(anonymous_1)
FNDA:0,(anonymous_2)
FNDA:0,onError
FNDA:1,onListening
DA:1,1
DA:2,1
DA:3,1
DA:4,1
DA:5,1
DA:6,1
DA:8,1
DA:9,1
DA:10,1
DA:11,1
DA:12,1
DA:13,1
DA:16,1
DA:17,1
DA:19,1
DA:20,1
DA:21,1
DA:22,1
DA:24,1
DA:25,1
DA:26,1
DA:29,1
DA:30,0
DA:34,1
DA:35,0
DA:37,1
DA:39,1
DA:40,1
DA:42,1
DA:45,0
DA:46,0
DA:50,0
DA:52,0
DA:53,0
DA:55,0
DA:56,0
DA:58,0
DA:63,1
DA:64,1
DA:65,1
DA:68,1
DA:69,1
DA:70,1
LF:43
LH:33
BRDA:39,0,0,1
BRDA:39,0,1,0
BRDA:45,1,0,0
BRDA:50,2,0,0
BRDA:50,2,1,0
BRDA:50,2,2,0
BRDA:64,3,0,0
BRDA:64,3,1,1
BRDA:64,4,0,0
BRDA:64,4,1,1
BRDA:64,5,0,1
BRDA:64,5,1,1
BRF:12
BRH:5
end_of_record
TN:
SF:src\swagger.ts
FN:34,swaggerDoc
FN:38,(anonymous_2)
FNF:2
FNH:1
FNDA:1,swaggerDoc
FNDA:0,(anonymous_2)
DA:1,1
DA:2,1
DA:3,1
DA:6,1
DA:32,1
DA:35,1
DA:36,1
DA:38,1
DA:39,0
DA:40,0
DA:43,1
LF:11
LH:9
BRF:0
BRH:0
end_of_record
TN:
SF:src\controllers\account.controller.ts
FN:5,(anonymous_0)
FN:17,(anonymous_1)
FN:39,(anonymous_2)
FNF:3
FNH:0
FNDA:0,(anonymous_0)
FNDA:0,(anonymous_1)
FNDA:0,(anonymous_2)
DA:2,1
DA:5,1
DA:7,0
DA:8,0
DA:9,0
DA:10,0
DA:11,0
DA:13,0
DA:17,1
DA:18,0
DA:20,0
DA:21,0
DA:22,0
DA:23,0
DA:26,0
DA:27,0
DA:29,0
DA:30,0
DA:31,0
DA:33,0
DA:35,0
DA:39,1
DA:40,0
DA:42,0
DA:43,0
DA:44,0
DA:45,0
DA:49,0
DA:50,0
DA:52,0
DA:53,0
DA:55,0
DA:56,0
DA:57,0
DA:59,0
DA:61,0
LF:36
LH:4
BRDA:22,0,0,0
BRDA:26,1,0,0
BRDA:30,2,0,0
BRDA:44,3,0,0
BRDA:49,4,0,0
BRDA:52,5,0,0
BRDA:56,6,0,0
BRF:7
BRH:0
end_of_record
TN:
SF:src\controllers\user.controller.ts
FN:6,(anonymous_1)
FN:17,(anonymous_2)
FNF:2
FNH:1
FNDA:0,(anonymous_1)
FNDA:2,(anonymous_2)
DA:2,1
DA:3,1
DA:4,1
DA:5,1
DA:6,1
DA:7,0
DA:8,0
DA:9,0
DA:10,0
DA:11,0
DA:13,0
DA:17,1
DA:18,2
DA:19,2
DA:20,2
DA:21,2
DA:22,2
DA:24,0
DA:25,0
DA:26,0
DA:27,0
DA:29,0
DA:31,0
DA:33,0
LF:24
LH:11
BRDA:21,0,0,2
BRDA:26,1,0,0
BRF:2
BRH:1
end_of_record
TN:
SF:src\handlers\healthcheck.ts
FN:4,(anonymous_1)
FNF:1
FNH:0
FNDA:0,(anonymous_1)
DA:1,1
DA:4,1
DA:5,0
DA:6,0
LF:4
LH:2
BRF:0
BRH:0
end_of_record
TN:
SF:src\helpers\error.ts
FN:6,(anonymous_0)
FN:13,(anonymous_1)
FNF:2
FNH:0
FNDA:0,(anonymous_0)
FNDA:0,(anonymous_1)
DA:3,1
DA:7,0
DA:8,0
DA:9,0
DA:13,1
DA:14,0
DA:15,0
LF:7
LH:2
BRF:0
BRH:0
end_of_record
TN:
SF:src\helpers\utils.ts
FN:3,(anonymous_1)
FNF:1
FNH:0
FNDA:0,(anonymous_1)
DA:1,1
DA:3,1
DA:4,0
DA:5,0
LF:4
LH:2
BRF:0
BRH:0
end_of_record
TN:
SF:src\middlewares\auth.middleware.ts
FN:6,authenticateToken
FN:12,(anonymous_1)
FNF:2
FNH:0
FNDA:0,authenticateToken
FNDA:0,(anonymous_1)
DA:4,1
DA:7,0
DA:8,0
DA:10,0
DA:11,0
DA:12,0
DA:13,0
DA:14,0
DA:15,0
DA:16,0
DA:19,1
LF:11
LH:2
BRDA:8,0,0,0
BRDA:8,0,1,0
BRDA:10,1,0,0
BRDA:14,2,0,0
BRF:4
BRH:0
end_of_record
TN:
SF:src\middlewares\httpLogger.ts
FN:5,(anonymous_1)
FNF:1
FNH:1
FNDA:2,(anonymous_1)
DA:1,1
DA:2,1
DA:4,1
DA:5,2
DA:9,1
DA:11,1
LF:6
LH:6
BRF:0
BRH:0
end_of_record
TN:
SF:src\middlewares\validationRequestSchema.middleware.ts
FN:4,(anonymous_0)
FNF:1
FNH:1
FNDA:2,(anonymous_0)
DA:2,1
DA:4,1
DA:5,2
DA:6,2
DA:7,2
DA:8,0
DA:10,2
DA:13,1
LF:8
LH:7
BRDA:7,0,0,0
BRF:1
BRH:0
end_of_record
TN:
SF:src\repositories\Account.repo.ts
FN:7,(anonymous_0)
FN:18,(anonymous_1)
FN:19,(anonymous_2)
FN:45,(anonymous_3)
FN:46,(anonymous_4)
FN:68,(anonymous_5)
FNF:6
FNH:0
FNDA:0,(anonymous_0)
FNDA:0,(anonymous_1)
FNDA:0,(anonymous_2)
FNDA:0,(anonymous_3)
FNDA:0,(anonymous_4)
FNDA:0,(anonymous_5)
DA:1,1
DA:3,1
DA:7,1
DA:8,0
DA:14,0
DA:18,1
DA:19,0
DA:20,0
DA:29,0
DA:30,0
DA:33,0
DA:40,0
DA:42,0
DA:45,1
DA:46,0
DA:47,0
DA:56,0
DA:63,0
DA:65,0
DA:68,1
DA:69,0
DA:70,0
LF:22
LH:6
BRDA:29,0,0,0
BRF:1
BRH:0
end_of_record
TN:
SF:src\repositories\User.repo.ts
FN:6,(anonymous_0)
FN:14,(anonymous_1)
FNF:2
FNH:1
FNDA:2,(anonymous_0)
FNDA:0,(anonymous_1)
DA:1,1
DA:3,1
DA:6,1
DA:7,2
DA:14,1
DA:15,0
LF:6
LH:5
BRF:0
BRH:0
end_of_record
TN:
SF:src\routes\account.router.ts
FNF:0
FNH:0
DA:1,1
DA:2,1
DA:3,1
DA:4,1
DA:5,1
DA:7,1
DA:25,1
DA:52,1
DA:78,1
DA:80,1
LF:10
LH:10
BRF:0
BRH:0
end_of_record
TN:
SF:src\routes\index.ts
FNF:0
FNH:0
DA:1,1
DA:2,1
DA:3,1
DA:4,1
DA:5,1
DA:6,1
DA:7,1
DA:8,1
DA:10,1
DA:42,1
DA:73,1
DA:75,1
LF:12
LH:12
BRF:0
BRH:0
end_of_record
TN:
SF:src\utils\logger.ts
FN:23,(anonymous_1)
FNF:1
FNH:1
FNDA:2,(anonymous_1)
DA:1,1
DA:3,1
DA:11,1
DA:19,1
DA:20,1
DA:23,2
DA:26,1
DA:27,1
DA:33,1
LF:9
LH:9
BRF:0
BRH:0
end_of_record
TN:
SF:src\validationSchemas\accountValidation.ts
FNF:0
FNH:0
DA:1,1
DA:3,1
DA:6,1
LF:3
LH:3
BRF:0
BRH:0
end_of_record
TN:
SF:src\validationSchemas\userValidation.ts
FNF:0
FNH:0
DA:1,1
DA:3,1
DA:4,1
LF:3
LH:3
BRF:0
BRH:0
end_of_record
